<?xml version="1.0" encoding="UTF-8"?>
<testsuite name="Tests" tests="7" skipped="0" failures="0" errors="0" timestamp="2020-06-30T21:28:52" hostname="DESKTOP-JMP3IE7" time="0.004">
  <properties/>
  <testcase name="addFileNull" classname="Tests" time="0.002"/>
  <testcase name="testSolutionEqualsFalse" classname="Tests" time="0.0"/>
  <testcase name="testSolutionFile1" classname="Tests" time="0.001"/>
  <testcase name="testSolutionFile2" classname="Tests" time="0.0"/>
  <testcase name="addFileOverPlayerCapacity" classname="Tests" time="0.0"/>
  <testcase name="testSolutionEqualsTrue" classname="Tests" time="0.0"/>
  <testcase name="addFileOverMemoryLimit" classname="Tests" time="0.001"/>
  <system-out><![CDATA[]]></system-out>
  <system-err><![CDATA[]]></system-err>
</testsuite>
